0 info it worked if it ends with ok
1 verbose cli [ '/home/pedro/.nvm/versions/node/v4.4.5/bin/node',
1 verbose cli   '/home/pedro/.nvm/versions/node/v4.4.5/bin/npm',
1 verbose cli   'start' ]
2 info using npm@3.9.5
3 info using node@v4.4.5
4 verbose run-script [ 'prestart', 'start', 'poststart' ]
5 info lifecycle weather-api@0.0.0~prestart: weather-api@0.0.0
6 silly lifecycle weather-api@0.0.0~prestart: no script for prestart, continuing
7 info lifecycle weather-api@0.0.0~start: weather-api@0.0.0
8 verbose lifecycle weather-api@0.0.0~start: unsafe-perm in lifecycle true
9 verbose lifecycle weather-api@0.0.0~start: PATH: /home/pedro/.nvm/versions/node/v4.4.5/lib/node_modules/npm/bin/node-gyp-bin:/home/pedro/Documents/workspace/nodejs/weather-api/node_modules/.bin:/home/pedro/.nvm/versions/node/v4.4.5/bin:/home/pedro/.nvm/versions/node/v4.4.5/bin:/home/pedro/.rvm/gems/ruby-1.9.3-p547/bin:/home/pedro/.rvm/gems/ruby-1.9.3-p547@global/bin:/home/pedro/.rvm/rubies/ruby-1.9.3-p547/bin:/usr/local/sbin:/usr/local/bin:/usr/sbin:/usr/bin:/sbin:/bin:/usr/games:/usr/local/games:/home/pedro/.rvm/bin:/home/pedro/.rvm/bin:/home/pedro/.rvm/bin
10 verbose lifecycle weather-api@0.0.0~start: CWD: /home/pedro/Documents/workspace/nodejs/weather-api
11 silly lifecycle weather-api@0.0.0~start: Args: [ '-c', 'node ./bin/www' ]
12 silly lifecycle weather-api@0.0.0~start: Returned: code: 1  signal: null
13 info lifecycle weather-api@0.0.0~start: Failed to exec start script
14 verbose stack Error: weather-api@0.0.0 start: `node ./bin/www`
14 verbose stack Exit status 1
14 verbose stack     at EventEmitter.<anonymous> (/home/pedro/.nvm/versions/node/v4.4.5/lib/node_modules/npm/lib/utils/lifecycle.js:245:16)
14 verbose stack     at emitTwo (events.js:87:13)
14 verbose stack     at EventEmitter.emit (events.js:172:7)
14 verbose stack     at ChildProcess.<anonymous> (/home/pedro/.nvm/versions/node/v4.4.5/lib/node_modules/npm/lib/utils/spawn.js:24:14)
14 verbose stack     at emitTwo (events.js:87:13)
14 verbose stack     at ChildProcess.emit (events.js:172:7)
14 verbose stack     at maybeClose (internal/child_process.js:827:16)
14 verbose stack     at Process.ChildProcess._handle.onexit (internal/child_process.js:211:5)
15 verbose pkgid weather-api@0.0.0
16 verbose cwd /home/pedro/Documents/workspace/nodejs/weather-api
17 error Linux 3.13.0-96-generic
18 error argv "/home/pedro/.nvm/versions/node/v4.4.5/bin/node" "/home/pedro/.nvm/versions/node/v4.4.5/bin/npm" "start"
19 error node v4.4.5
20 error npm  v3.9.5
21 error code ELIFECYCLE
22 error weather-api@0.0.0 start: `node ./bin/www`
22 error Exit status 1
23 error Failed at the weather-api@0.0.0 start script 'node ./bin/www'.
23 error Make sure you have the latest version of node.js and npm installed.
23 error If you do, this is most likely a problem with the weather-api package,
23 error not with npm itself.
23 error Tell the author that this fails on your system:
23 error     node ./bin/www
23 error You can get information on how to open an issue for this project with:
23 error     npm bugs weather-api
23 error Or if that isn't available, you can get their info via:
23 error     npm owner ls weather-api
23 error There is likely additional logging output above.
24 verbose exit [ 1, true ]
